android_weidgt/hongxiangge/proguard-project.txt
# To enable ProGuard in your project, edit project.properties
# to define the proguard.config property as described in that file.
#
# Add project specific ProGuard rules here.
# By default, the flags in this file are appended to flags specified
# in ${sdk.dir}/tools/proguard/proguard-android.txt
# You can edit the include path and order by changing the ProGuard
# include property in project.properties.
#
# For more details, see
#   http://developer.android.com/guide/developing/tools/proguard.html

# Add any project specific keep options here:

# If your project uses WebView with JS, uncomment the following
# and specify the fully qualified class name to the JavaScript interface
# class:

# This is a configuration file for ProGuard.
# http://proguard.sourceforge.net/index.html#manual/usage.html

# This is a configuration file for ProGuard.
# http://proguard.sourceforge.net/index.html#manual/usage.html

# Optimizations: If you don't want to optimize, use the
# proguard-android.txt configuration file instead of this one, which
# turns off the optimization flags.  Adding optimization introduces
# certain risks, since for example not all optimizations performed by
# ProGuard works on all versions of Dalvik.  The following flags turn
# off various optimizations known to have issues, but the list may not
# be complete or up to date. (The "arithmetic" optimization can be
# used if you are only targeting Android 2.0 or later.)  Make sure you
# test thoroughly if you go this route.
-optimizations !code/simplification/arithmetic,!code/simplification/cast,!field/*,!class/merging/*
-optimizationpasses 5
-allowaccessmodification
-dontpreverify

# The remainder of this file is identical to the non-optimized version
# of the Proguard configuration file (except that the other file has
# flags to turn off optimization).

-dontusemixedcaseclassnames
-dontskipnonpubliclibraryclasses
-verbose

-keepattributes *Annotation*
-keep public class com.google.vending.licensing.ILicensingService
-keep public class com.android.vending.licensing.ILicensingService

# For native methods, see http://proguard.sourceforge.net/manual/examples.html#native
-keepclasseswithmembernames class * {
    native <methods>;
}

# keep setters in Views so that animations can still work.
# see http://proguard.sourceforge.net/manual/examples.html#beans
-keepclassmembers public class * extends android.view.View {
   void set*(***);
   *** get*();
}

# We want to keep methods in Activity that could be used in the XML attribute onClick
-keepclassmembers class * extends android.app.Activity {
   public void *(android.view.View);
}

# For enumeration classes, see http://proguard.sourceforge.net/manual/examples.html#enumerations
-keepclassmembers enum * {
    public static **[] values();
    public static ** valueOf(java.lang.String);
}

-keep class * implements android.os.Parcelable {
  public static final android.os.Parcelable$Creator *;
}

-keepclassmembers class **.R$* {
    public static <fields>;
}

# The support library contains references to newer platform versions.
# Don't warn about those in case this app is linking against an older
# platform version.  We know about them, and they are safe.
-dontwarn android.support.**


-dontusemixedcaseclassnames
-dontskipnonpubliclibraryclasses
-verbose

# Optimization is turned off by default. Dex does not like code run
# through the ProGuard optimize and preverify steps (and performs some
# of these optimizations on its own).
-dontoptimize
-dontpreverify
# Note that if you want to enable optimization, you cannot just
# include optimization flags in your own project configuration file;
# instead you will need to point to the
# "proguard-android-optimize.txt" file instead of this one from your
# project.properties file.

-keepattributes *Annotation*
-keep public class com.google.vending.licensing.ILicensingService
-keep public class com.android.vending.licensing.ILicensingService

# For native methods, see http://proguard.sourceforge.net/manual/examples.html#native
-keepclasseswithmembernames class * {
    native <methods>;
}

# keep setters in Views so that animations can still work.
# see http://proguard.sourceforge.net/manual/examples.html#beans
-keepclassmembers public class * extends android.view.View {
   void set*(***);
   *** get*();
}

# We want to keep methods in Activity that could be used in the XML attribute onClick
-keepclassmembers class * extends android.app.Activity {
   public void *(android.view.View);
}

# For enumeration classes, see http://proguard.sourceforge.net/manual/examples.html#enumerations
-keepclassmembers enum * {
    public static **[] values();
    public static ** valueOf(java.lang.String);
}

-keep class * implements android.os.Parcelable {
  public static final android.os.Parcelable$Creator *;
}

-keepclassmembers class **.R$* {
    public static <fields>;
}

# The support library contains references to newer platform versions.
# Don't warn about those in case this app is linking against an older
# platform version.  We know about them, and they are safe.
-dontwarn android.support.**


-keepclassmembers class fqcn.of.javascript.interface.for.webview {
   public *;
}
-dontwarn net.youmi.android.**
-keep class net.youmi.android.** {
    *;
}

-libraryjars libs/apache-mime4j-0.6.jar
-libraryjars libs/commons-codec-1.9.jar
-libraryjars libs/commons-logging-1.1.1.jar
-libraryjars libs/gson-2.2.4.jar
-libraryjars libs/httpclient-4.2.5.jar
-libraryjars libs/httpcore-4.2.4.jar
-libraryjars libs/httpmime-4.2.5.jar
-libraryjars libs/umeng-analytics-v5.4.2.jar
-libraryjars libs/umeng-update-v2.6.0.jar
-libraryjars libs/xUtils-2.6.10.jar
-libraryjars libs/YoumiSdk_v5.00_2015-01-08.jar
-libraryjars libs/armeabi/libbspatch.so

-libraryjars libs/commons-logging-1.1.1.jar
-dontwarn org.apache.**                        
-keep class org.apache.** {*;} 

-keepclassmembers class * {
   public <init>(org.json.JSONObject);
}

-keep public class com.hxgwx.www.R$*{
public static final int *;
}

-dontwarn javax.servlet.**  
-keep class javax.servlet.** { *;}  

-dontwarn org.apache.http.client.**  
-keep class org.apache.http.client.** { *;}

-dontwarn org.apache.avalon.framework.logger.**  
-keep class org.apache.avalon.framework.logger.** { *;}

-dontwarn org.apache.log4j.**  
-keep class org.apache.log4j.** { *;}

-dontwarn org.apache.log.**  
-keep class org.apache.log.** { *;}

-dontwarn org.ietf.jgss.**  
-keep class org.ietf.jgss.** { *;}

-dontwarn org.ietf.jgss.**  
-keep class org.ietf.jgss.** { *;}

-dontwarn com.hxgwx.www.bean.**  
-keep class com.hxgwx.www.bean.** { *;}

-dontwarn com.hxgwx.www.activity.**  
-keep class com.hxgwx.www.activity.** { *;}

-dontwarn com.hxgwx.www.*.**  
-keep class com.hxgwx.www.*.** { *;}

-dontwarn java.lang.**  
-keep class java.lang.** { *;}

-keepattributes *Annotation*