android_weidgt/hongxiangge/proguard/mapping.txt
com.hxgwx.www.HongxianggeApplication -> com.hxgwx.www.HongxianggeApplication:
    java.util.Map errorCodeDescript -> b
    java.util.Map httpUrl -> c
    java.lang.String domain -> d
    java.lang.String phone_id -> e
    java.lang.String appkey -> f
    org.apache.http.client.HttpClient httpClient -> g
    boolean isLogin -> a
    com.hxgwx.www.bean.UserLogin user -> h
    java.lang.String getDomain() -> a
    java.lang.String getDescriptionByCode(java.lang.String) -> a
    void initCodeDescript() -> f
    void initURL() -> g
    void init() -> h
    void initDomain() -> i
    void readPhoneId() -> j
    void onCreate() -> onCreate
    java.util.Map getHttpUrl() -> b
    java.lang.String getAppkey() -> c
    void onLowMemory() -> onLowMemory
    void onTerminate() -> onTerminate
    org.apache.http.client.HttpClient createHttpClient() -> k
    void shutdownHttpClient() -> l
    org.apache.http.client.HttpClient getHttpClient() -> d
    com.hxgwx.www.bean.UserLogin getUser() -> e
    void setUser(com.hxgwx.www.bean.UserLogin) -> a
    org.apache.http.client.HttpClient access$0(com.hxgwx.www.HongxianggeApplication) -> a
    void access$1(com.hxgwx.www.HongxianggeApplication,org.apache.http.client.HttpClient) -> a
    void access$2(com.hxgwx.www.HongxianggeApplication) -> b
    void access$3(com.hxgwx.www.HongxianggeApplication) -> c
    void access$4(com.hxgwx.www.HongxianggeApplication) -> d
    void access$5(com.hxgwx.www.HongxianggeApplication) -> e
com.hxgwx.www.HongxianggeApplication$1 -> com.hxgwx.www.a:
    com.hxgwx.www.HongxianggeApplication this$0 -> a
    void run() -> run
com.hxgwx.www.R -> com.hxgwx.www.R:
com.hxgwx.www.R$anim -> com.hxgwx.www.R$anim:
    int slide_in_from_bottom -> slide_in_from_bottom
    int slide_in_from_top -> slide_in_from_top
    int slide_out_to_bottom -> slide_out_to_bottom
    int slide_out_to_top -> slide_out_to_top
com.hxgwx.www.R$attr -> com.hxgwx.www.R$attr:
    int behindOffset -> behindOffset
    int behindScrollScale -> behindScrollScale
    int behindWidth -> behindWidth
    int fadeDegree -> fadeDegree
    int fadeEnabled -> fadeEnabled
    int mode -> mode
    int ptrAdapterViewBackground -> ptrAdapterViewBackground
    int ptrAnimationStyle -> ptrAnimationStyle
    int ptrDrawable -> ptrDrawable
    int ptrDrawableBottom -> ptrDrawableBottom
    int ptrDrawableEnd -> ptrDrawableEnd
    int ptrDrawableStart -> ptrDrawableStart
    int ptrDrawableTop -> ptrDrawableTop
    int ptrHeaderBackground -> ptrHeaderBackground
    int ptrHeaderSubTextColor -> ptrHeaderSubTextColor
    int ptrHeaderTextAppearance -> ptrHeaderTextAppearance
    int ptrHeaderTextColor -> ptrHeaderTextColor
    int ptrListViewExtrasEnabled -> ptrListViewExtrasEnabled
    int ptrMode -> ptrMode
    int ptrOverScroll -> ptrOverScroll
    int ptrRefreshableViewBackground -> ptrRefreshableViewBackground
    int ptrRotateDrawableWhilePulling -> ptrRotateDrawableWhilePulling
    int ptrScrollingWhileRefreshingEnabled -> ptrScrollingWhileRefreshingEnabled
    int ptrShowIndicator -> ptrShowIndicator
    int ptrSubHeaderTextAppearance -> ptrSubHeaderTextAppearance
    int selectorDrawable -> selectorDrawable
    int selectorEnabled -> selectorEnabled
    int shadowDrawable -> shadowDrawable
    int shadowWidth -> shadowWidth
    int touchModeAbove -> touchModeAbove
    int touchModeBehind -> touchModeBehind
...
org.apache.james.mime4j.storage.CipherStorageProvider -> org.apache.james.mime4j.storage.CipherStorageProvider:
    org.apache.james.mime4j.storage.StorageProvider backend -> backend
    java.lang.String algorithm -> algorithm
    javax.crypto.KeyGenerator keygen -> keygen
    org.apache.james.mime4j.storage.StorageOutputStream createStorageOutputStream() -> createStorageOutputStream
    javax.crypto.spec.SecretKeySpec getSecretKeySpec() -> getSecretKeySpec
org.apache.james.mime4j.storage.CipherStorageProvider$CipherStorage -> org.apache.james.mime4j.storage.CipherStorageProvider$CipherStorage:
    org.apache.james.mime4j.storage.Storage encrypted -> encrypted
    java.lang.String algorithm -> algorithm
    javax.crypto.spec.SecretKeySpec skeySpec -> skeySpec
    void delete() -> delete
    java.io.InputStream getInputStream() -> getInputStream
org.apache.james.mime4j.storage.CipherStorageProvider$CipherStorageOutputStream -> org.apache.james.mime4j.storage.CipherStorageProvider$CipherStorageOutputStream:
    org.apache.james.mime4j.storage.StorageOutputStream storageOut -> storageOut
    java.lang.String algorithm -> algorithm
    javax.crypto.spec.SecretKeySpec skeySpec -> skeySpec
    javax.crypto.CipherOutputStream cipherOut -> cipherOut
    void close() -> close
    void write0(byte[],int,int) -> write0
    org.apache.james.mime4j.storage.Storage toStorage0() -> toStorage0
org.apache.james.mime4j.storage.DefaultStorageProvider -> org.apache.james.mime4j.storage.DefaultStorageProvider:
    java.lang.String DEFAULT_STORAGE_PROVIDER_PROPERTY -> DEFAULT_STORAGE_PROVIDER_PROPERTY
    org.apache.commons.logging.Log log -> log
    org.apache.james.mime4j.storage.StorageProvider instance -> instance
    org.apache.james.mime4j.storage.StorageProvider getInstance() -> getInstance
    void setInstance(org.apache.james.mime4j.storage.StorageProvider) -> setInstance
    void initialize() -> initialize
    void reset() -> reset
org.apache.james.mime4j.storage.MemoryStorageProvider -> org.apache.james.mime4j.storage.MemoryStorageProvider:
    org.apache.james.mime4j.storage.StorageOutputStream createStorageOutputStream() -> createStorageOutputStream
org.apache.james.mime4j.storage.MemoryStorageProvider$1 -> org.apache.james.mime4j.storage.MemoryStorageProvider$1:
org.apache.james.mime4j.storage.MemoryStorageProvider$MemoryStorage -> org.apache.james.mime4j.storage.MemoryStorageProvider$MemoryStorage:
    byte[] data -> data
    int count -> count
    java.io.InputStream getInputStream() -> getInputStream
    void delete() -> delete
org.apache.james.mime4j.storage.MemoryStorageProvider$MemoryStorageOutputStream -> org.apache.james.mime4j.storage.MemoryStorageProvider$MemoryStorageOutputStream:
    org.apache.james.mime4j.util.ByteArrayBuffer bab -> bab
    void write0(byte[],int,int) -> write0
    org.apache.james.mime4j.storage.Storage toStorage0() -> toStorage0
org.apache.james.mime4j.storage.MultiReferenceStorage -> org.apache.james.mime4j.storage.MultiReferenceStorage:
    org.apache.james.mime4j.storage.Storage storage -> storage
    int referenceCounter -> referenceCounter
    void addReference() -> addReference
    void delete() -> delete
    java.io.InputStream getInputStream() -> getInputStream
    void incrementCounter() -> incrementCounter
    boolean decrementCounter() -> decrementCounter
org.apache.james.mime4j.storage.Storage -> org.apache.james.mime4j.storage.Storage:
    java.io.InputStream getInputStream() -> getInputStream
    void delete() -> delete